[01:39:26 B] init
[01:39:26 B] move
[01:39:26 A] 0,2;0,1
[01:39:27 B] opponent 0,1;2,1
[01:39:27 A] 2,1;0,2
[01:39:27 B] opponent 0,2;0,0
[01:39:27 A] 0,0;2,0
[01:39:27 B] opponent 2,0;2,1
[01:39:27 A] 2,1;2,0
[01:39:27 B] opponent 2,0;1,1
[01:39:27 A] 1,1;0,1
[01:39:27 B] opponent 0,1;0,0
[01:39:27 A] 0,0;0,0
[01:39:27 B] opponent 0,0;1,2
[01:39:27 A] 1,2;2,2
[01:39:27 B] opponent 2,2;2,0
[01:39:27 A] 2,0;0,1
[01:39:27 B] opponent 0,1;1,1
[01:39:27 A] 1,1;1,0
[01:39:27 B] opponent 1,0;1,2
[01:39:27 A] 1,2;2,1
[01:39:27 B] opponent 2,1;2,1
[01:39:27 A] 2,1;0,0
[01:39:27 B] opponent 0,0;1,1
[01:39:27 A] 1,1;2,2
[01:39:27 B] opponent 2,2;1,1
[01:39:27 A] 1,1;1,2
[01:39:27 B] opponent 1,2;0,0
[01:39:27 A] 0,0;2,2
[01:39:27 B] opponent 2,2;2,2
[01:39:27 A] 2,2;1,0
[01:39:27 B] opponent 1,0;0,1
[01:39:27 A] 0,1;1,0
[01:39:27 B] opponent 1,0;1,0
[01:39:27 A] 1,0;2,0
[01:39:27 B] opponent 2,0;2,2
[01:39:27 A] 2,2;0,0
[01:39:27 B] opponent 0,0;0,2
[01:39:27 A] 0,2;2,2
[01:39:27 B] opponent 2,2;0,2
[01:39:27 A] 0,2;2,1
[01:39:27 B] opponent 2,1;2,2
[01:39:27 A] 0,2;0,2
[01:39:27 B] opponent 0,2;1,1
[01:39:27 A] 1,1;2,1
[01:39:27 B] opponent 2,1;1,0
[01:39:27 A] 1,0;0,0
[01:39:27 B] opponent 0,0;2,1
[01:39:27 A] 2,1;0,1
[01:39:27 B] opponent 0,1;2,2
[01:39:27 A] 1,2;1,1
[01:39:27 B] opponent 1,1;0,2
[01:39:27 A] 0,2;1,2
[01:39:28 B] opponent 1,2;0,1
[01:39:28 A] 0,0;1,0
[01:39:28 B] opponent 1,0;1,1
[01:39:28 A] 1,1;2,0
[01:39:28 B] opponent 2,0;2,0
[01:39:28 A] 1,2;0,2
[01:39:28 B] opponent 1,2;1,0
[01:39:28 A] 1,2;2,0
[01:39:28 B] init
[01:39:28 B] move
[01:39:28 A] 0,2;0,1
[01:39:28 B] opponent 0,1;0,1
[01:39:28 A] 0,1;1,2
[01:39:28 B] opponent 1,2;0,2
[01:39:28 A] 0,2;1,2
[01:39:28 B] opponent 1,2;2,2
[01:39:28 A] 2,2;1,1
[01:39:28 B] opponent 1,1;2,2
[01:39:28 A] 2,2;0,1
[01:39:28 B] opponent 0,1;2,1
[01:39:28 A] 2,1;2,1
[01:39:28 B] opponent 2,1;0,0
[01:39:28 A] 0,0;0,0
[01:39:28 B] opponent 0,0;0,2
[01:39:28 A] 0,2;0,0
[01:39:28 B] opponent 0,0;2,0
[01:39:28 A] 2,0;0,1
[01:39:28 B] opponent 0,1;1,0
[01:39:28 A] 1,0;1,0
[01:39:28 B] opponent 1,0;0,0
[01:39:28 A] 0,0;1,0
[01:39:28 B] opponent 1,0;0,2
[01:39:28 A] 0,2;2,2
[01:39:28 B] opponent 2,2;1,2
[01:39:28 A] 1,2;1,1
[01:39:28 B] opponent 1,1;1,0
[01:39:28 A] 1,0;2,0
[01:39:28 B] opponent 2,0;2,2
[01:39:28 A] 2,2;0,0
[01:39:28 B] opponent 0,0;1,1
[01:39:28 A] 1,1;2,1
[01:39:28 B] opponent 2,1;2,0
[01:39:28 A] 2,0;0,2
[01:39:28 B] opponent 0,2;2,1
[01:39:28 A] 2,1;1,2
[01:39:28 B] opponent 1,2;1,2
[01:39:28 A] 2,2;2,2
[01:39:28 B] opponent 2,0;2,0
[01:39:28 A] 2,0;0,0
[01:39:28 B] opponent 0,2;0,2
[01:39:28 A] 0,2;1,1
[01:39:28 B] opponent 1,1;0,2
[01:39:28 A] 2,1;0,1
[01:39:28 B] opponent 0,1;2,2
[01:39:28 A] 1,0;2,1
[01:39:29 B] opponent 2,1;0,2
[01:39:29 A] 0,1;2,0
[01:39:29 B] opponent 2,1;1,1
[01:39:29 A] 1,1;1,1
[01:39:29 B] opponent 1,1;0,1
[01:39:29 A] 0,1;0,0
[01:39:29 B] opponent 0,1;1,1
[01:39:29 A] 1,1;0,0
[01:39:29 B] opponent 1,0;0,1
[01:39:29 A] 1,1;1,2
[01:39:29 B] init
[01:39:29 B] move
[01:39:29 A] 1,0;0,1
[01:39:29 B] opponent 0,1;2,0
[01:39:29 A] 2,0;2,1
[01:39:29 B] opponent 2,1;2,0
[01:39:29 A] 2,0;0,1
[01:39:29 B] opponent 0,1;1,2
[01:39:29 A] 1,2;0,1
[01:39:29 B] opponent 0,1;2,1
[01:39:29 A] 2,1;0,2
[01:39:29 B] opponent 0,2;2,1
[01:39:29 A] 2,1;1,1
[01:39:29 B] opponent 1,1;2,0
[01:39:29 A] 2,0;1,2
[01:39:29 B] opponent 1,2;2,0
[01:39:29 A] 2,0;1,1
[01:39:29 B] opponent 1,1;0,0
[01:39:29 A] 0,0;1,1
[01:39:29 B] opponent 1,1;2,1
[01:39:29 A] 2,1;0,1
[01:39:29 B] opponent 0,1;0,2
[01:39:29 A] 0,2;1,0
[01:39:29 B] opponent 1,0;2,1
[01:39:29 A] 2,1;1,0
[01:39:29 B] opponent 1,0;0,2
[01:39:29 A] 0,2;0,1
[01:39:29 B] opponent 0,1;0,1
[01:39:29 A] 0,1;1,1
[01:39:29 B] opponent 1,1;1,1
[01:39:29 A] 1,1;0,2
[01:39:29 B] opponent 0,2;0,2
[01:39:29 A] 0,2;2,0
[01:39:29 B] opponent 0,1;1,0
[01:39:29 A] 1,0;1,1
[01:39:29 B] opponent 1,1;1,2
[01:39:29 A] 1,2;1,2
[01:39:29 B] opponent 1,2;1,0
[01:39:29 A] 1,0;1,2
[01:39:29 B] opponent 1,2;2,2
[01:39:29 A] 2,2;1,1
[01:39:29 B] opponent 1,1;0,1
[01:39:29 A] 0,1;2,2
[01:39:30 B] opponent 2,2;0,0
[01:39:30 A] 0,0;2,2
[01:39:30 B] opponent 2,2;1,0
[01:39:30 A] 1,0;2,0
[01:39:30 B] opponent 1,2;0,0
[01:39:30 A] 0,0;0,2
[01:39:30 B] opponent 0,2;2,2
[01:39:30 A] 2,2;1,2
[01:39:30 B] opponent 0,2;1,2
[01:39:30 A] 2,1;2,1
[01:39:30 B] init
[01:39:30 B] opponent 1,2;2,1
[01:39:30 A] 2,1;1,0
[01:39:30 B] opponent 1,0;0,1
[01:39:30 A] 0,1;2,2
[01:39:30 B] opponent 2,2;2,1
[01:39:30 A] 2,1;0,1
[01:39:30 B] opponent 0,1;0,0
[01:39:30 A] 0,0;1,1
[01:39:30 B] opponent 1,1;0,1
[01:39:30 A] 0,1;0,1
[01:39:30 B] opponent 0,1;1,2
[01:39:30 A] 1,2;1,2
[01:39:30 B] opponent 1,2;2,2
[01:39:30 A] 2,2;2,0
[01:39:30 B] opponent 2,0;0,2
[01:39:30 A] 0,2;2,1
[01:39:30 B] opponent 2,1;2,1
[01:39:30 A] 2,1;2,2
[01:39:30 B] opponent 2,2;0,2
[01:39:30 A] 0,2;1,0
[01:39:30 B] opponent 1,0;1,0
[01:39:30 A] 1,0;1,1
[01:39:30 B] opponent 1,1;0,2
[01:39:30 A] 0,2;2,2
[01:39:30 B] opponent 2,2;1,1
[01:39:30 A] 1,1;1,2
[01:39:30 B] opponent 1,2;0,2
[01:39:30 A] 0,2;2,0
[01:39:30 B] opponent 2,0;2,1
[01:39:30 A] 2,1;2,0
[01:39:30 B] opponent 2,0;1,0
[01:39:30 A] 1,0;2,2
[01:39:30 B] opponent 2,2;0,1
[01:39:30 A] 0,1;2,0
[01:39:30 B] opponent 2,0;2,0
[01:39:30 A] 2,0;1,2
[01:39:30 B] opponent 1,2;1,1
[01:39:30 A] 1,1;1,1
[01:39:30 B] opponent 1,1;0,0
[01:39:30 A] 0,0;2,0
[01:39:30 B] opponent 2,0;1,1
[01:39:30 A] 1,2;0,1
[01:39:31 B] opponent 0,1;1,1
[01:39:31 A] 0,1;0,2
[01:39:31 B] opponent 1,0;2,0
[01:39:31 A] 2,1;1,1
[01:39:31 B] opponent 0,1;2,1
[01:39:31 A] 2,1;0,0
[01:39:31 B] opponent 0,0;1,0
[01:39:31 A] 1,0;0,2
[01:39:31 B] opponent 1,0;2,1
[01:39:31 A] 0,1;1,0
[01:39:31 B] opponent 1,0;1,2
[01:39:31 A] 1,2;2,0
[01:39:31 B] opponent 0,0;1,2
[01:39:31 A] 1,2;1,0
[01:39:31 B] opponent 1,0;0,0
[01:39:31 A] 0,0;2,2
